
3월 30, 2022 11:39:31.285 NEW SESSION
3월 30, 2022 11:39:31.285 [7716:11036:0330/113931.283:ERROR:device_event_log_impl.cc(214)] [11:39:31.283] Bluetooth: bluetooth_adapter_winrt.cc:1075 Getting Default Adapter failed.
3월 30, 2022 14:21:00.859 [18504:16056:0330/142100.859:ERROR:device_event_log_impl.cc(214)] [14:21:00.859] Bluetooth: bluetooth_adapter_winrt.cc:1075 Getting Default Adapter failed.
3월 30, 2022 14:23:41.707 [18552:812:0330/142341.707:ERROR:device_event_log_impl.cc(214)] [14:23:41.706] Bluetooth: bluetooth_adapter_winrt.cc:1075 Getting Default Adapter failed.

3월 31, 2022 16:15:18.98 NEW SESSION
3월 31, 2022 16:15:18.99 [11456:5488:0331/161518.096:ERROR:device_event_log_impl.cc(214)] [16:15:18.096] Bluetooth: bluetooth_adapter_winrt.cc:1075 Getting Default Adapter failed.
3월 31, 2022 16:47:34.175 [1912:6260:0331/164734.175:ERROR:device_event_log_impl.cc(214)] [16:47:34.175] Bluetooth: bluetooth_adapter_winrt.cc:1075 Getting Default Adapter failed.

4월 01, 2022 14:20:11.149 NEW SESSION
4월 01, 2022 14:20:11.150 [12168:5760:0401/142011.147:ERROR:device_event_log_impl.cc(214)] [14:20:11.146] Bluetooth: bluetooth_adapter_winrt.cc:1075 Getting Default Adapter failed.
4월 01, 2022 14:20:39.86 [2256:1872:0401/142039.086:ERROR:device_event_log_impl.cc(214)] [14:20:39.086] Bluetooth: bluetooth_adapter_winrt.cc:1075 Getting Default Adapter failed.
4월 01, 2022 14:21:15.88 [11704:12640:0401/142115.088:ERROR:device_event_log_impl.cc(214)] [14:21:15.088] Bluetooth: bluetooth_adapter_winrt.cc:1075 Getting Default Adapter failed.
4월 01, 2022 14:21:40.560 [4504:3676:0401/142140.560:ERROR:device_event_log_impl.cc(214)] [14:21:40.559] Bluetooth: bluetooth_adapter_winrt.cc:1075 Getting Default Adapter failed.
4월 01, 2022 14:22:09.159 [7744:14316:0401/142209.159:ERROR:device_event_log_impl.cc(214)] [14:22:09.158] Bluetooth: bluetooth_adapter_winrt.cc:1075 Getting Default Adapter failed.
4월 01, 2022 14:50:07.999 [1648:3236:0401/145007.998:ERROR:device_event_log_impl.cc(214)] [14:50:07.999] Bluetooth: bluetooth_adapter_winrt.cc:1075 Getting Default Adapter failed.
4월 01, 2022 15:47:33.409 [3232:8752:0401/154733.408:ERROR:device_event_log_impl.cc(214)] [15:47:33.408] Bluetooth: bluetooth_adapter_winrt.cc:1075 Getting Default Adapter failed.
4월 01, 2022 16:26:30.54 [5792:6260:0401/162630.053:ERROR:device_event_log_impl.cc(214)] [16:26:30.053] Bluetooth: bluetooth_adapter_winrt.cc:1075 Getting Default Adapter failed.

4월 04, 2022 09:25:44.443 NEW SESSION
4월 04, 2022 09:25:44.444 [7708:5364:0404/092544.441:ERROR:device_event_log_impl.cc(214)] [09:25:44.440] Bluetooth: bluetooth_adapter_winrt.cc:1075 Getting Default Adapter failed.
4월 04, 2022 09:26:01.589 [14816:14632:0404/092601.588:ERROR:device_event_log_impl.cc(214)] [09:26:01.588] Bluetooth: bluetooth_adapter_winrt.cc:1075 Getting Default Adapter failed.
4월 04, 2022 09:27:00.712 [5392:10224:0404/092700.711:ERROR:device_event_log_impl.cc(214)] [09:27:00.712] Bluetooth: bluetooth_adapter_winrt.cc:1075 Getting Default Adapter failed.
4월 04, 2022 10:01:59.26 [5392:10224:0404/100159.025:ERROR:device_event_log_impl.cc(214)] [10:01:59.024] USB: usb_service_win.cc:260 Failed to get device driver name: 요소가 없습니다. (0x490)
4월 04, 2022 10:40:37.128 [11084:11972:0404/104037.127:ERROR:device_event_log_impl.cc(214)] [10:40:37.127] Bluetooth: bluetooth_adapter_winrt.cc:1075 Getting Default Adapter failed.
4월 04, 2022 11:16:43.606 [11084:11972:0404/111643.605:ERROR:device_event_log_impl.cc(214)] [11:16:43.605] USB: usb_service_win.cc:260 Failed to get device driver name: 요소가 없습니다. (0x490)
4월 04, 2022 14:38:27.976 [944:3160:0404/143827.975:ERROR:device_event_log_impl.cc(214)] [14:38:27.976] Bluetooth: bluetooth_adapter_winrt.cc:1075 Getting Default Adapter failed.

4월 05, 2022 10:32:51.700 NEW SESSION
4월 05, 2022 10:32:51.701 [14848:6732:0405/103251.697:ERROR:device_event_log_impl.cc(214)] [10:32:51.697] Bluetooth: bluetooth_adapter_winrt.cc:1075 Getting Default Adapter failed.

4월 06, 2022 11:30:49.70 NEW SESSION
4월 06, 2022 11:30:49.70 [5056:11832:0406/113049.068:ERROR:device_event_log_impl.cc(214)] [11:30:49.068] Bluetooth: bluetooth_adapter_winrt.cc:1075 Getting Default Adapter failed.
4월 06, 2022 14:10:43.377 [5056:11832:0406/141043.372:ERROR:device_event_log_impl.cc(214)] [14:10:43.372] USB: usb_service_win.cc:260 Failed to get device driver name: 요소가 없습니다. (0x490)
4월 06, 2022 15:13:32.274 [10940:13604:0406/151332.273:ERROR:device_event_log_impl.cc(214)] [15:13:32.274] Bluetooth: bluetooth_adapter_winrt.cc:1075 Getting Default Adapter failed.
4월 06, 2022 15:16:20.485 [16064:1452:0406/151620.484:ERROR:device_event_log_impl.cc(214)] [15:16:20.485] Bluetooth: bluetooth_adapter_winrt.cc:1075 Getting Default Adapter failed.
4월 06, 2022 17:33:53.185 [8868:10992:0406/173353.185:ERROR:device_event_log_impl.cc(214)] [17:33:53.184] Bluetooth: bluetooth_adapter_winrt.cc:1075 Getting Default Adapter failed.

4월 08, 2022 10:30:13.03 NEW SESSION
4월 08, 2022 10:30:13.03 [16728:16188:0408/103013.000:ERROR:device_event_log_impl.cc(214)] [10:30:13.000] Bluetooth: bluetooth_adapter_winrt.cc:1075 Getting Default Adapter failed.
4월 08, 2022 10:31:08.512 [16728:15620:0408/103108.512:ERROR:util.cc(126)] Can't create base directory: C:\Program Files\Google\GoogleUpdater
4월 08, 2022 10:31:37.213 [14340:280:0408/103137.212:ERROR:device_event_log_impl.cc(214)] [10:31:37.212] Bluetooth: bluetooth_adapter_winrt.cc:1075 Getting Default Adapter failed.
4월 08, 2022 10:32:34.161 [14340:12348:0408/103234.159:ERROR:util.cc(126)] Can't create base directory: C:\Program Files\Google\GoogleUpdater
4월 08, 2022 12:33:21.63 [7356:8368:0408/123321.062:ERROR:device_event_log_impl.cc(214)] [12:33:21.061] Bluetooth: bluetooth_adapter_winrt.cc:1075 Getting Default Adapter failed.
4월 08, 2022 12:34:18.72 [7356:2624:0408/123418.070:ERROR:util.cc(126)] Can't create base directory: C:\Program Files\Google\GoogleUpdater
4월 08, 2022 14:44:35.709 [5760:4820:0408/144435.708:ERROR:device_event_log_impl.cc(214)] [14:44:35.709] Bluetooth: bluetooth_adapter_winrt.cc:1075 Getting Default Adapter failed.
4월 08, 2022 14:45:32.379 [5760:9180:0408/144532.378:ERROR:util.cc(126)] Can't create base directory: C:\Program Files\Google\GoogleUpdater

4월 11, 2022 09:49:33.999 NEW SESSION
4월 11, 2022 09:49:33.999 [17316:10660:0411/094933.996:ERROR:device_event_log_impl.cc(214)] [09:49:33.996] Bluetooth: bluetooth_adapter_winrt.cc:1075 Getting Default Adapter failed.
4월 11, 2022 09:50:31.176 [17316:924:0411/095031.176:ERROR:util.cc(126)] Can't create base directory: C:\Program Files\Google\GoogleUpdater
4월 11, 2022 11:16:06.939 [5848:12128:0411/111606.939:ERROR:device_event_log_impl.cc(214)] [11:16:06.939] Bluetooth: bluetooth_adapter_winrt.cc:1075 Getting Default Adapter failed.
4월 11, 2022 11:17:03.633 [5848:14156:0411/111703.632:ERROR:util.cc(126)] Can't create base directory: C:\Program Files\Google\GoogleUpdater
4월 11, 2022 12:56:45.139 [5848:3640:0411/125645.138:ERROR:database.cc(1782)] Passwords SQLite error: code 2067 errno 0: UNIQUE constraint failed: logins.origin_url, logins.username_element, logins.username_value, logins.password_element, logins.signon_realm sql: INSERT INTO logins (origin_url, action_url, username_element, username_value, password_element, password_value, submit_element, signon_realm, date_created, blacklisted_by_user, scheme, password_type, times_used, form_data, display_name, icon_url, federation_url, skip_zero_click, generation_upload_status, possible_username_pairs, id, date_last_used, moving_blocked_for, date_password_modified) VALUES (?,?,?,?,?,?,?,?,?,?,?,?,?,?,?,?,?,?,?,?,?,?,?,?)
